<?xml version="1.0" encoding="UTF-8"?>
<!-- Generated by org.testng.reporters.JUnitXMLReporter -->
<testsuite hostname="ip-172-31-19-99" ignored="0" name="Default test" tests="3" failures="0" timestamp="2022-03-13T04:14:44 UTC" time="14.374" errors="0">
  <testcase name="ExternalDataTest" time="2.758" classname="testcases.LoginTest"/>
  <testcase name="LoginFailiureTest" time="2.943" classname="testcases.LoginTest"/>
  <testcase name="LoginSuccessTest" time="2.631" classname="testcases.LoginTest"/>
</testsuite> <!-- Default test -->
