<?xml version="1.0" encoding="UTF-8"?>
<!-- Generated by org.testng.reporters.JUnitXMLReporter -->
<testsuite hostname="ip-172-31-19-99" ignored="0" name="Test" tests="5" failures="0" timestamp="2022-03-13T04:32:14 UTC" time="20.896" errors="0">
  <testcase name="ExternalDataTest" time="3.637" classname="testcases.LoginTest"/>
  <testcase name="LoginFailiureTest" time="3.035" classname="testcases.LoginTest"/>
  <testcase name="LoginSuccessTest" time="2.796" classname="testcases.LoginTest"/>
  <testcase name="ParameterizedTest" time="3.75" classname="testcases.LoginTest"/>
  <testcase name="test1" time="0.001" classname="testcases.HomeTest"/>
</testsuite> <!-- Test -->
