<?xml version="1.0" encoding="UTF-8"?>
<!-- Generated by org.testng.reporters.JUnitXMLReporter -->
<testsuite hostname="ip-172-31-19-99" ignored="0" name="Test" tests="5" failures="0" timestamp="2022-03-19T04:11:13 UTC" time="21.843" errors="0">
  <testcase name="ExternalDataTest" time="2.976" classname="testcases.LoginTest"/>
  <testcase name="LoginFailiureTest" time="3.888" classname="testcases.LoginTest"/>
  <testcase name="LoginSuccessTest" time="3.57" classname="testcases.LoginTest"/>
  <testcase name="ParameterizedTest" time="3.132" classname="testcases.LoginTest"/>
  <testcase name="test1" time="0.0" classname="testcases.HomeTest"/>
</testsuite> <!-- Test -->
